<<<<<<< HEAD
2021-08-04 19:34:39,300 [Worker-4: Loading available Gradle versions] INFO  o.e.b.c.i.u.g.PublishedGradleVersions - Gradle version information cache is out-of-date. Trying to update.
=======
2021-08-04 15:07:26,227 [Worker-0: Loading available Gradle versions] INFO  o.e.b.c.i.u.g.PublishedGradleVersions - Gradle version information cache is out-of-date. Trying to update.
2021-08-04 15:21:57,685 [Worker-0: Loading available Gradle versions] INFO  o.e.b.c.i.u.g.PublishedGradleVersions - Gradle version information cache is up-to-date. Trying to read.
2021-08-04 15:30:00,966 [Worker-4: Loading available Gradle versions] INFO  o.e.b.c.i.u.g.PublishedGradleVersions - Gradle version information cache is up-to-date. Trying to read.
<<<<<<< HEAD
>>>>>>> 18cb98970c1c2a61201c47ad5618da7ffc9c334d
2021-08-04 19:38:24,461 [Worker-3: Loading available Gradle versions] INFO  o.e.b.c.i.u.g.PublishedGradleVersions - Gradle version information cache is up-to-date. Trying to read.
2021-08-04 19:39:20,807 [Worker-12: Loading available Gradle versions] INFO  o.e.b.c.i.u.g.PublishedGradleVersions - Gradle version information cache is up-to-date. Trying to read.
2021-08-06 18:47:55,311 [Worker-0: Loading available Gradle versions] INFO  o.e.b.c.i.u.g.PublishedGradleVersions - Gradle version information cache is out-of-date. Trying to update.
2021-08-06 18:48:55,192 [Worker-2: Pulling origin from http://gitlab-intern.polloud.com/intern/namkh0510.git] INFO  o.e.jgit.transport.TransportHttp - URI 'http://gitlab-intern.polloud.com/intern/namkh0510.git': following HTTP redirect #0  http://gitlab-intern.polloud.com/intern/namkh0510.git/ -> https://gitlab-intern.polloud.com/intern/namkh0510.git/
2021-08-06 18:55:39,217 [Worker-5: Loading available Gradle versions] INFO  o.e.b.c.i.u.g.PublishedGradleVersions - Gradle version information cache is up-to-date. Trying to read.
=======
2021-08-04 15:55:33,795 [Worker-1: Loading available Gradle versions] INFO  o.e.b.c.i.u.g.PublishedGradleVersions - Gradle version information cache is up-to-date. Trying to read.
2021-08-05 09:20:43,849 [Worker-3: Loading available Gradle versions] INFO  o.e.b.c.i.u.g.PublishedGradleVersions - Gradle version information cache is up-to-date. Trying to read.
2021-08-05 09:38:02,984 [Worker-2: Loading available Gradle versions] INFO  o.e.b.c.i.u.g.PublishedGradleVersions - Gradle version information cache is up-to-date. Trying to read.
2021-08-05 09:40:49,808 [Worker-3: Loading available Gradle versions] INFO  o.e.b.c.i.u.g.PublishedGradleVersions - Gradle version information cache is up-to-date. Trying to read.
2021-08-05 10:02:03,872 [Worker-3: Loading available Gradle versions] INFO  o.e.b.c.i.u.g.PublishedGradleVersions - Gradle version information cache is up-to-date. Trying to read.
2021-08-05 13:07:19,950 [Worker-58: Push to namkh0510 - origin] INFO  o.e.jgit.transport.TransportHttp - URI 'http://gitlab-intern.polloud.com/intern/namkh0510.git': following HTTP redirect #0  http://gitlab-intern.polloud.com/intern/namkh0510.git/ -> https://gitlab-intern.polloud.com/intern/namkh0510.git/
2021-08-05 13:14:34,756 [Worker-67: Push to namkh0510 - origin] INFO  o.e.jgit.transport.TransportHttp - URI 'http://gitlab-intern.polloud.com/intern/namkh0510.git': following HTTP redirect #0  http://gitlab-intern.polloud.com/intern/namkh0510.git/ -> https://gitlab-intern.polloud.com/intern/namkh0510.git/
2021-08-05 14:34:42,624 [Worker-3: Loading available Gradle versions] INFO  o.e.b.c.i.u.g.PublishedGradleVersions - Gradle version information cache is up-to-date. Trying to read.
2021-08-06 08:57:57,472 [Worker-0: Loading available Gradle versions] INFO  o.e.b.c.i.u.g.PublishedGradleVersions - Gradle version information cache is out-of-date. Trying to update.
2021-08-06 08:58:53,647 [Worker-18: Push to namkh0510 - origin] INFO  o.e.jgit.transport.TransportHttp - URI 'http://gitlab-intern.polloud.com/intern/namkh0510.git': following HTTP redirect #0  http://gitlab-intern.polloud.com/intern/namkh0510.git/ -> https://gitlab-intern.polloud.com/intern/namkh0510.git/
2021-08-06 18:14:20,847 [Worker-122: Push to namkh0510 - origin] INFO  o.e.jgit.transport.TransportHttp - URI 'http://gitlab-intern.polloud.com/intern/namkh0510.git': following HTTP redirect #0  http://gitlab-intern.polloud.com/intern/namkh0510.git/ -> https://gitlab-intern.polloud.com/intern/namkh0510.git/
2021-08-09 08:58:01,632 [Worker-2: Loading available Gradle versions] INFO  o.e.b.c.i.u.g.PublishedGradleVersions - Gradle version information cache is out-of-date. Trying to update.
2021-08-09 09:07:41,511 [Worker-30: Fetching remote refs from http://gitlab-intern.polloud.com/intern/namkh0510.git] INFO  o.e.jgit.transport.TransportHttp - URI 'http://gitlab-intern.polloud.com/intern/namkh0510.git': following HTTP redirect #0  http://gitlab-intern.polloud.com/intern/namkh0510.git/ -> https://gitlab-intern.polloud.com/intern/namkh0510.git/
2021-08-09 09:08:16,381 [Worker-5: Pulling origin from http://gitlab-intern.polloud.com/intern/namkh0510.git] INFO  o.e.jgit.transport.TransportHttp - URI 'http://gitlab-intern.polloud.com/intern/namkh0510.git': following HTTP redirect #0  http://gitlab-intern.polloud.com/intern/namkh0510.git/ -> https://gitlab-intern.polloud.com/intern/namkh0510.git/
2021-08-09 12:48:59,214 [Worker-49: Push to namkh0510 - origin] INFO  o.e.jgit.transport.TransportHttp - URI 'http://gitlab-intern.polloud.com/intern/namkh0510.git': following HTTP redirect #0  http://gitlab-intern.polloud.com/intern/namkh0510.git/ -> https://gitlab-intern.polloud.com/intern/namkh0510.git/
2021-08-09 14:21:31,236 [Worker-78: Push to namkh0510 - origin] INFO  o.e.jgit.transport.TransportHttp - URI 'http://gitlab-intern.polloud.com/intern/namkh0510.git': following HTTP redirect #0  http://gitlab-intern.polloud.com/intern/namkh0510.git/ -> https://gitlab-intern.polloud.com/intern/namkh0510.git/
2021-08-09 14:50:04,866 [Worker-3: Loading available Gradle versions] INFO  o.e.b.c.i.u.g.PublishedGradleVersions - Gradle version information cache is up-to-date. Trying to read.
2021-08-09 14:53:59,473 [Worker-0: Loading available Gradle versions] INFO  o.e.b.c.i.u.g.PublishedGradleVersions - Gradle version information cache is up-to-date. Trying to read.
<<<<<<< HEAD
>>>>>>> 6c92452de77ce115d6b177c3da89e55a042d1ef3
2021-08-09 19:17:57,147 [Worker-6: Loading available Gradle versions] INFO  o.e.b.c.i.u.g.PublishedGradleVersions - Gradle version information cache is out-of-date. Trying to update.
2021-08-09 20:42:38,727 [Worker-23: Fetching remote refs from http://gitlab-intern.polloud.com/intern/namkh0510.git] INFO  o.e.jgit.transport.TransportHttp - URI 'http://gitlab-intern.polloud.com/intern/namkh0510.git': following HTTP redirect #0  http://gitlab-intern.polloud.com/intern/namkh0510.git/ -> https://gitlab-intern.polloud.com/intern/namkh0510.git/
=======
2021-08-09 16:07:17,808 [Worker-33: Push to namkh0510 - origin] INFO  o.e.jgit.transport.TransportHttp - URI 'http://gitlab-intern.polloud.com/intern/namkh0510.git': following HTTP redirect #0  http://gitlab-intern.polloud.com/intern/namkh0510.git/ -> https://gitlab-intern.polloud.com/intern/namkh0510.git/
2021-08-10 10:16:10,979 [Worker-6: Loading available Gradle versions] INFO  o.e.b.c.i.u.g.PublishedGradleVersions - Gradle version information cache is out-of-date. Trying to update.
2021-08-10 11:38:59,038 [Worker-2: Loading available Gradle versions] INFO  o.e.b.c.i.u.g.PublishedGradleVersions - Gradle version information cache is up-to-date. Trying to read.
2021-08-10 17:10:12,177 [Worker-2: Loading available Gradle versions] INFO  o.e.b.c.i.u.g.PublishedGradleVersions - Gradle version information cache is up-to-date. Trying to read.
2021-08-11 09:01:36,111 [Worker-6: Loading available Gradle versions] INFO  o.e.b.c.i.u.g.PublishedGradleVersions - Gradle version information cache is up-to-date. Trying to read.
2021-08-11 17:41:47,171 [Worker-121: Push to namkh0510 - origin] INFO  o.e.jgit.transport.TransportHttp - URI 'http://gitlab-intern.polloud.com/intern/namkh0510.git': following HTTP redirect #0  http://gitlab-intern.polloud.com/intern/namkh0510.git/ -> https://gitlab-intern.polloud.com/intern/namkh0510.git/
2021-08-12 09:11:18,479 [Worker-2: Loading available Gradle versions] INFO  o.e.b.c.i.u.g.PublishedGradleVersions - Gradle version information cache is out-of-date. Trying to update.
>>>>>>> 194206e530f07fef3a56cff5edb9536d64785adf
